<?xml version="1.0" encoding="UTF-8"?>
<testng-results skipped="0" failed="0" ignored="0" total="3" passed="3">
  <reporter-output>
  </reporter-output>
  <suite name="CrossBrowserTestingSuite2" duration-ms="194742" started-at="2020-11-09T15:38:35 EST" finished-at="2020-11-09T15:41:50 EST">
    <groups>
    </groups>
    <test name="ChromeTestingResults" duration-ms="65117" started-at="2020-11-09T15:38:35 EST" finished-at="2020-11-09T15:39:40 EST">
      <class name="com.testscenarios.Expedia">
        <test-method status="PASS" signature="setup(java.lang.String)[pri:0, instance:com.testscenarios.Expedia@3d3fcdb0]" name="setup" is-config="true" duration-ms="4608" started-at="2020-11-09T15:38:35 EST" finished-at="2020-11-09T15:38:40 EST">
          <params>
            <param index="0">
              <value>
                <![CDATA[chrome]]>
              </value>
            </param>
          </params>
          <reporter-output>
          </reporter-output>
        </test-method> <!-- setup -->
        <test-method status="PASS" signature="f()[pri:0, instance:com.testscenarios.Expedia@3d3fcdb0]" name="f" duration-ms="51678" started-at="2020-11-09T15:38:40 EST" finished-at="2020-11-09T15:39:32 EST">
          <reporter-output>
          </reporter-output>
        </test-method> <!-- f -->
        <test-method status="PASS" signature="takescreenshot()[pri:0, instance:com.testscenarios.Expedia@3d3fcdb0]" name="takescreenshot" is-config="true" duration-ms="628" started-at="2020-11-09T15:39:32 EST" finished-at="2020-11-09T15:39:32 EST">
          <reporter-output>
          </reporter-output>
        </test-method> <!-- takescreenshot -->
        <test-method status="PASS" signature="afterClass()[pri:0, instance:com.testscenarios.Expedia@3d3fcdb0]" name="afterClass" is-config="true" duration-ms="8157" started-at="2020-11-09T15:39:32 EST" finished-at="2020-11-09T15:39:40 EST">
          <reporter-output>
          </reporter-output>
        </test-method> <!-- afterClass -->
      </class> <!-- com.testscenarios.Expedia -->
    </test> <!-- ChromeTestingResults -->
    <test name="FirefoxTestingResults" duration-ms="63385" started-at="2020-11-09T15:39:40 EST" finished-at="2020-11-09T15:40:44 EST">
      <class name="com.testscenarios.Expedia">
        <test-method status="PASS" signature="setup(java.lang.String)[pri:0, instance:com.testscenarios.Expedia@6591f517]" name="setup" is-config="true" duration-ms="13570" started-at="2020-11-09T15:39:40 EST" finished-at="2020-11-09T15:39:54 EST">
          <params>
            <param index="0">
              <value>
                <![CDATA[firefox]]>
              </value>
            </param>
          </params>
          <reporter-output>
          </reporter-output>
        </test-method> <!-- setup -->
        <test-method status="PASS" signature="f()[pri:0, instance:com.testscenarios.Expedia@6591f517]" name="f" duration-ms="39782" started-at="2020-11-09T15:39:54 EST" finished-at="2020-11-09T15:40:34 EST">
          <reporter-output>
          </reporter-output>
        </test-method> <!-- f -->
        <test-method status="PASS" signature="takescreenshot()[pri:0, instance:com.testscenarios.Expedia@6591f517]" name="takescreenshot" is-config="true" duration-ms="255" started-at="2020-11-09T15:40:34 EST" finished-at="2020-11-09T15:40:34 EST">
          <reporter-output>
          </reporter-output>
        </test-method> <!-- takescreenshot -->
        <test-method status="PASS" signature="afterClass()[pri:0, instance:com.testscenarios.Expedia@6591f517]" name="afterClass" is-config="true" duration-ms="9775" started-at="2020-11-09T15:40:34 EST" finished-at="2020-11-09T15:40:44 EST">
          <reporter-output>
          </reporter-output>
        </test-method> <!-- afterClass -->
      </class> <!-- com.testscenarios.Expedia -->
    </test> <!-- FirefoxTestingResults -->
    <test name="EdgeTestingResults" duration-ms="66169" started-at="2020-11-09T15:40:44 EST" finished-at="2020-11-09T15:41:50 EST">
      <class name="com.testscenarios.Expedia">
        <test-method status="PASS" signature="setup(java.lang.String)[pri:0, instance:com.testscenarios.Expedia@4461c7e3]" name="setup" is-config="true" duration-ms="10965" started-at="2020-11-09T15:40:44 EST" finished-at="2020-11-09T15:40:55 EST">
          <params>
            <param index="0">
              <value>
                <![CDATA[edge]]>
              </value>
            </param>
          </params>
          <reporter-output>
          </reporter-output>
        </test-method> <!-- setup -->
        <test-method status="PASS" signature="f()[pri:0, instance:com.testscenarios.Expedia@4461c7e3]" name="f" duration-ms="46233" started-at="2020-11-09T15:40:55 EST" finished-at="2020-11-09T15:41:41 EST">
          <reporter-output>
          </reporter-output>
        </test-method> <!-- f -->
        <test-method status="PASS" signature="takescreenshot()[pri:0, instance:com.testscenarios.Expedia@4461c7e3]" name="takescreenshot" is-config="true" duration-ms="566" started-at="2020-11-09T15:41:41 EST" finished-at="2020-11-09T15:41:42 EST">
          <reporter-output>
          </reporter-output>
        </test-method> <!-- takescreenshot -->
        <test-method status="PASS" signature="afterClass()[pri:0, instance:com.testscenarios.Expedia@4461c7e3]" name="afterClass" is-config="true" duration-ms="8397" started-at="2020-11-09T15:41:42 EST" finished-at="2020-11-09T15:41:50 EST">
          <reporter-output>
          </reporter-output>
        </test-method> <!-- afterClass -->
      </class> <!-- com.testscenarios.Expedia -->
    </test> <!-- EdgeTestingResults -->
  </suite> <!-- CrossBrowserTestingSuite2 -->
</testng-results>
