<?xml version="1.0" encoding="UTF-8"?>
<testng-results skipped="0" failed="0" ignored="0" total="3" passed="3">
  <reporter-output>
  </reporter-output>
  <suite name="CrossBrowserTestingSuite" duration-ms="172355" started-at="2020-10-26T09:34:47 EDT" finished-at="2020-10-26T09:37:40 EDT">
    <groups>
    </groups>
    <test name="ChromeTestResults" duration-ms="54757" started-at="2020-10-26T09:34:47 EDT" finished-at="2020-10-26T09:35:42 EDT">
      <class name="com.testscenarios.Expedia">
        <test-method status="PASS" signature="setup(java.lang.String)[pri:0, instance:com.testscenarios.Expedia@52feb982]" name="setup" is-config="true" duration-ms="4582" started-at="2020-10-26T09:34:47 EDT" finished-at="2020-10-26T09:34:52 EDT">
          <params>
            <param index="0">
              <value>
                <![CDATA[chrome]]>
              </value>
            </param>
          </params>
          <reporter-output>
          </reporter-output>
        </test-method> <!-- setup -->
        <test-method status="PASS" signature="f()[pri:0, instance:com.testscenarios.Expedia@52feb982]" name="f" duration-ms="41324" started-at="2020-10-26T09:34:52 EDT" finished-at="2020-10-26T09:35:33 EDT">
          <reporter-output>
          </reporter-output>
        </test-method> <!-- f -->
        <test-method status="PASS" signature="takescreenshot()[pri:0, instance:com.testscenarios.Expedia@52feb982]" name="takescreenshot" is-config="true" duration-ms="680" started-at="2020-10-26T09:35:33 EDT" finished-at="2020-10-26T09:35:34 EDT">
          <reporter-output>
          </reporter-output>
        </test-method> <!-- takescreenshot -->
        <test-method status="PASS" signature="afterClass()[pri:0, instance:com.testscenarios.Expedia@52feb982]" name="afterClass" is-config="true" duration-ms="8125" started-at="2020-10-26T09:35:34 EDT" finished-at="2020-10-26T09:35:42 EDT">
          <reporter-output>
          </reporter-output>
        </test-method> <!-- afterClass -->
      </class> <!-- com.testscenarios.Expedia -->
    </test> <!-- ChromeTestResults -->
    <test name="FirefoxTestResults" duration-ms="61301" started-at="2020-10-26T09:35:42 EDT" finished-at="2020-10-26T09:36:44 EDT">
      <class name="com.testscenarios.Expedia">
        <test-method status="PASS" signature="setup(java.lang.String)[pri:0, instance:com.testscenarios.Expedia@6b57696f]" name="setup" is-config="true" duration-ms="5871" started-at="2020-10-26T09:35:42 EDT" finished-at="2020-10-26T09:35:48 EDT">
          <params>
            <param index="0">
              <value>
                <![CDATA[firefox]]>
              </value>
            </param>
          </params>
          <reporter-output>
          </reporter-output>
        </test-method> <!-- setup -->
        <test-method status="PASS" signature="f()[pri:0, instance:com.testscenarios.Expedia@6b57696f]" name="f" duration-ms="45985" started-at="2020-10-26T09:35:48 EDT" finished-at="2020-10-26T09:36:34 EDT">
          <reporter-output>
          </reporter-output>
        </test-method> <!-- f -->
        <test-method status="PASS" signature="takescreenshot()[pri:0, instance:com.testscenarios.Expedia@6b57696f]" name="takescreenshot" is-config="true" duration-ms="387" started-at="2020-10-26T09:36:34 EDT" finished-at="2020-10-26T09:36:34 EDT">
          <reporter-output>
          </reporter-output>
        </test-method> <!-- takescreenshot -->
        <test-method status="PASS" signature="afterClass()[pri:0, instance:com.testscenarios.Expedia@6b57696f]" name="afterClass" is-config="true" duration-ms="9055" started-at="2020-10-26T09:36:34 EDT" finished-at="2020-10-26T09:36:44 EDT">
          <reporter-output>
          </reporter-output>
        </test-method> <!-- afterClass -->
      </class> <!-- com.testscenarios.Expedia -->
    </test> <!-- FirefoxTestResults -->
    <test name="EdgeTestResults" duration-ms="56220" started-at="2020-10-26T09:36:44 EDT" finished-at="2020-10-26T09:37:40 EDT">
      <class name="com.testscenarios.Expedia">
        <test-method status="PASS" signature="setup(java.lang.String)[pri:0, instance:com.testscenarios.Expedia@26a7b76d]" name="setup" is-config="true" duration-ms="3919" started-at="2020-10-26T09:36:44 EDT" finished-at="2020-10-26T09:36:48 EDT">
          <params>
            <param index="0">
              <value>
                <![CDATA[edge]]>
              </value>
            </param>
          </params>
          <reporter-output>
          </reporter-output>
        </test-method> <!-- setup -->
        <test-method status="PASS" signature="f()[pri:0, instance:com.testscenarios.Expedia@26a7b76d]" name="f" duration-ms="43485" started-at="2020-10-26T09:36:48 EDT" finished-at="2020-10-26T09:37:31 EDT">
          <reporter-output>
          </reporter-output>
        </test-method> <!-- f -->
        <test-method status="PASS" signature="takescreenshot()[pri:0, instance:com.testscenarios.Expedia@26a7b76d]" name="takescreenshot" is-config="true" duration-ms="688" started-at="2020-10-26T09:37:31 EDT" finished-at="2020-10-26T09:37:32 EDT">
          <reporter-output>
          </reporter-output>
        </test-method> <!-- takescreenshot -->
        <test-method status="PASS" signature="afterClass()[pri:0, instance:com.testscenarios.Expedia@26a7b76d]" name="afterClass" is-config="true" duration-ms="8120" started-at="2020-10-26T09:37:32 EDT" finished-at="2020-10-26T09:37:40 EDT">
          <reporter-output>
          </reporter-output>
        </test-method> <!-- afterClass -->
      </class> <!-- com.testscenarios.Expedia -->
    </test> <!-- EdgeTestResults -->
  </suite> <!-- CrossBrowserTestingSuite -->
</testng-results>
